<?xml version="1.0" encoding="UTF-8"?>
<testsuite name="DecodingCipherTest" tests="1" skipped="0" failures="0" errors="0" timestamp="2022-01-23T07:11:35" hostname="cosmo" time="0.002">
  <properties/>
  <testcase name="checkDecodedCipher" classname="DecodingCipherTest" time="0.002"/>
  <system-out><![CDATA[]]></system-out>
  <system-err><![CDATA[]]></system-err>
</testsuite>
